\BOOKMARK [1][-]{section.1}{\376\377\000O\000b\000j\000e\000t\000i\000v\000o\000s}{}% 1
\BOOKMARK [2][-]{subsection.1.1}{\376\377\000C\000r\000o\000s\000s\000t\000a\000l\000k}{section.1}% 2
\BOOKMARK [2][-]{subsection.1.2}{\376\377\000C\000a\000s\000a\000m\000e\000n\000t\000o\000\040\000d\000e\000\040\000i\000m\000p\000e\000d\000\342\000n\000c\000i\000a}{section.1}% 3
\BOOKMARK [1][-]{section.2}{\376\377\000P\000r\000o\000c\000e\000d\000i\000m\000e\000n\000t\000o\000\040\000E\000x\000p\000e\000r\000i\000m\000e\000n\000t\000a\000l}{}% 4
\BOOKMARK [2][-]{subsection.2.1}{\376\377\000S\000e\000\347\000\343\000o\000\040\000I\000\040\000-\000\040\000C\000r\000o\000s\000s\000t\000a\000l\000k\000\040\000e\000m\000\040\000P\000l\000a\000c\000a\000\040\000d\000e\000\040\000C\000i\000r\000c\000u\000i\000t\000o\000\040\000I\000m\000p\000r\000e\000s\000s\000o}{section.2}% 5
\BOOKMARK [3][-]{subsubsection.2.1.1}{\376\377\000M\000o\000n\000t\000a\000g\000e\000m}{subsection.2.1}% 6
\BOOKMARK [3][-]{subsubsection.2.1.2}{\376\377\000E\000q\000u\000i\000p\000a\000m\000e\000n\000t\000o\000s\000\040\000u\000t\000i\000l\000i\000z\000a\000d\000o\000s}{subsection.2.1}% 7
\BOOKMARK [3][-]{subsubsection.2.1.3}{\376\377\000E\000x\000e\000c\000u\000c\000a\000o}{subsection.2.1}% 8
\BOOKMARK [2][-]{subsection.2.2}{\376\377\000S\000e\000\347\000\343\000o\000\040\000I\000I\000\040\000-\000\040\000C\000a\000s\000a\000m\000e\000n\000t\000o\000\040\000d\000e\000\040\000I\000m\000p\000e\000d\000\342\000n\000c\000i\000a\000s\000\040\000/\000\040\000R\000e\000f\000l\000e\000x\000\343\000o\000\040\000d\000e\000\040\000S\000i\000n\000a\000i\000s\000\040\000e\000m\000\040\000L\000i\000n\000h\000a\000s\000\040\000d\000e\000\040\000T\000r\000a\000n\000s\000m\000i\000s\000s\000\343\000o}{section.2}% 9
\BOOKMARK [3][-]{subsubsection.2.2.1}{\376\377\000M\000o\000n\000t\000a\000g\000e\000m}{subsection.2.2}% 10
\BOOKMARK [3][-]{subsubsection.2.2.2}{\376\377\000E\000q\000u\000i\000p\000a\000m\000e\000n\000t\000o\000s\000\040\000u\000t\000i\000l\000i\000z\000a\000d\000o\000s}{subsection.2.2}% 11
\BOOKMARK [3][-]{subsubsection.2.2.3}{\376\377\000E\000x\000e\000c\000u\000c\000a\000o}{subsection.2.2}% 12
\BOOKMARK [1][-]{section.3}{\376\377\000R\000e\000s\000u\000l\000t\000a\000d\000o\000s}{}% 13
\BOOKMARK [2][-]{subsection.3.1}{\376\377\000S\000e\000\347\000\343\000o\000\040\000I\000\040\000-\000\040\000C\000r\000o\000s\000s\000t\000a\000l\000k\000\040\000e\000m\000\040\000P\000l\000a\000c\000a\000\040\000d\000e\000\040\000C\000i\000r\000c\000u\000i\000t\000o\000\040\000I\000m\000p\000r\000e\000s\000s\000o}{section.3}% 14
\BOOKMARK [3][-]{subsubsection.3.1.1}{\376\377\000A\000p\000r\000e\000s\000e\000n\000t\000a\000\347\000\343\000o\000\040\000d\000e\000\040\000d\000a\000d\000o\000s}{subsection.3.1}% 15
\BOOKMARK [3][-]{subsubsection.3.1.2}{\376\377\000A\000n\000\341\000l\000i\000s\000e\000\040\000q\000u\000a\000l\000i\000t\000a\000t\000i\000v\000a}{subsection.3.1}% 16
\BOOKMARK [3][-]{subsubsection.3.1.3}{\376\377\000C\000o\000n\000c\000l\000u\000s\000\343\000o\000\040\000p\000a\000r\000c\000i\000a\000l}{subsection.3.1}% 17
\BOOKMARK [2][-]{subsection.3.2}{\376\377\000S\000e\000\347\000\343\000o\000\040\000I\000I\000\040\000-\000\040\000C\000a\000s\000a\000m\000e\000n\000t\000o\000\040\000d\000e\000\040\000I\000m\000p\000e\000d\000\342\000n\000c\000i\000a\000s\000\040\000/\000\040\000R\000e\000f\000l\000e\000x\000\343\000o\000\040\000d\000e\000\040\000S\000i\000n\000a\000i\000s\000\040\000e\000m\000\040\000L\000i\000n\000h\000a\000s\000\040\000d\000e\000\040\000T\000r\000a\000n\000s\000m\000i\000s\000s\000\343\000o}{section.3}% 18
\BOOKMARK [3][-]{subsubsection.3.2.1}{\376\377\000A\000p\000r\000e\000s\000e\000n\000t\000a\000\347\000\343\000o\000\040\000d\000e\000\040\000d\000a\000d\000o\000s}{subsection.3.2}% 19
\BOOKMARK [3][-]{subsubsection.3.2.2}{\376\377\000A\000n\000\341\000l\000i\000s\000e\000\040\000q\000u\000a\000l\000i\000t\000a\000t\000i\000v\000a}{subsection.3.2}% 20
\BOOKMARK [3][-]{subsubsection.3.2.3}{\376\377\000C\000o\000n\000c\000l\000u\000s\000\343\000o\000\040\000p\000a\000r\000c\000i\000a\000l}{subsection.3.2}% 21
\BOOKMARK [1][-]{section.4}{\376\377\000C\000o\000n\000c\000l\000u\000s\000\343\000o}{}% 22
\BOOKMARK [1][-]{section.5}{\376\377\000B\000i\000b\000l\000i\000o\000g\000r\000a\000f\000i\000a}{}% 23
\BOOKMARK [1][-]{section*.6}{\376\377\000A\000n\000e\000x\000o\000\040\000A\000\040\000-\000\040\000T\000a\000b\000e\000l\000a\000s\000\040\000d\000e\000\040\000d\000a\000d\000o\000s\000\040\000d\000o\000\040\000e\000x\000p\000e\000r\000i\000m\000e\000n\000t\000o\000\040\000d\000e\000\040\000C\000r\000o\000s\000s\000t\000a\000l\000k}{}% 24
